#
# A fatal error has been detected by the Java Runtime Environment:
#
#  EXCEPTION_ACCESS_VIOLATION (0xc0000005) at pc=0x0000022900118193, pid=2152, tid=2448
#
# JRE version: OpenJDK Runtime Environment (11.0.10) (build 11.0.10+0-b96-7249189)
# Java VM: OpenJDK 64-Bit Server VM (11.0.10+0-b96-7249189, mixed mode, tiered, compressed oops, g1 gc, windows-amd64)
# Problematic frame:
# v  ~BufferBlob::vtable chunks
#
# No core dump will be written. Minidumps are not enabled by default on client versions of Windows
#
# If you would like to submit a bug report, please visit:
#   https://bugreport.java.com/bugreport/crash.jsp
#

---------------  S U M M A R Y ------------

Command Line: --add-opens=java.base/java.util=ALL-UNNAMED --add-opens=java.base/java.lang=ALL-UNNAMED --add-opens=java.base/java.lang.invoke=ALL-UNNAMED --add-opens=java.base/java.util=ALL-UNNAMED --add-opens=java.prefs/java.util.prefs=ALL-UNNAMED --add-opens=java.prefs/java.util.prefs=ALL-UNNAMED --add-opens=java.base/java.nio.charset=ALL-UNNAMED --add-opens=java.base/java.net=ALL-UNNAMED --add-opens=java.base/java.util.concurrent.atomic=ALL-UNNAMED -Xmx2048m -Dfile.encoding=UTF-8 -Duser.country=RU -Duser.language=ru -Duser.variant org.gradle.launcher.daemon.bootstrap.GradleDaemon 7.0.2

Host: Intel(R) Pentium(R) Gold G5420 CPU @ 3.80GHz, 4 cores, 5G,  Windows 10 , 64 bit Build 19041 (10.0.19041.1348)
Time: Mon May  9 17:07:32 2022 Пакистан (зима) elapsed time: 10464.106783 seconds (0d 2h 54m 24s)

---------------  T H R E A D  ---------------

Current thread (0x000002290f354000):  JavaThread "Daemon worker Thread 8" [_thread_in_Java, id=2448, stack(0x000000dcb1e00000,0x000000dcb1f00000)]

Stack: [0x000000dcb1e00000,0x000000dcb1f00000],  sp=0x000000dcb1efa6b8,  free space=1001k
Native frames: (J=compiled Java code, j=interpreted, Vv=VM code, C=native code)
C  0x0000022900118193


siginfo: EXCEPTION_ACCESS_VIOLATION (0xc0000005), reading address 0xffffffffffffffff


Register to memory mapping:

RIP=0x0000022900118193 is at entry_point+123 in a vtable stub
vtable stub (index = 1, receiver_location = 4, code = [0x0000022900118118, 0x00000229001181b7[)
RAX=0x00000001002257e0 is a pointer to class: 
org.gradle.internal.model.ValueCalculator {0x00000001002257e8}
RBX={method} {0x00000229128b16a8} 
[error occurred during error reporting (printing register info), id 0xc0000005, EXCEPTION_ACCESS_VIOLATION (0xc0000005) at pc=0x00007ffd82f25333]

Registers:
RAX=0x00000001002257e0, RBX=0x00000229128b16a0, RCX=0x0000000000000000, RDX=0x000000008a5c02b8
RSP=0x000000dcb1efa6b8, RBP=0x000000dcb1efa990, RSI=0x000000008a5c02b8, RDI=0x00000001005b9238
R8 =0x000000008a6be198, R9 =0x0000000000000000, R10=0x00000001005b9240, R11=0x0000000000000250
R12=0x0000000000000000, R13=0x000000dcb1efa940, R14=0x0000000000000000, R15=0x000002290f354000
RIP=0x0000022900118193, EFLAGS=0x0000000000010246

Top of Stack: (sp=0x000000dcb1efa6b8)
0x000000dcb1efa6b8:   0000022901a17b8c 000000008a5c0270
0x000000dcb1efa6c8:   000000dcb1efa728 000000dcb1efa701
0x000000dcb1efa6d8:   000002290f354000 000000dcb1efa740
0x000000dcb1efa6e8:   000002290f354000 0000000000000006
0x000000dcb1efa6f8:   00007ffd82c4b6c7 000000008a5b8310
0x000000dcb1efa708:   0000000100584040 0000000000000000
0x000000dcb1efa718:   00007ffd82b69b98 000000008a5b8310
0x000000dcb1efa728:   0000000000000006 0000022911b96e90
0x000000dcb1efa738:   00007ffd82d5f99e 000000dcb1efa7f0
0x000000dcb1efa748:   0000022900009e40 0000000000000000
0x000000dcb1efa758:   000000008a5c0208 000000dcb1efa990
0x000000dcb1efa768:   000000008a5c02c8 000000008a5c0218
0x000000dcb1efa778:   0000000000000000 000000008a5b8340
0x000000dcb1efa788:   0000000081543858 000000008a5b8310
0x000000dcb1efa798:   000000008a5c02a0 000000008a5c02c8
0x000000dcb1efa7a8:   000000008a5c0258 000000dcb1efa990 

Instructions: (pc=0x0000022900118193)
0x0000022900118093:   4f 00 00 00 49 83 c3 10 4d 8b 13 49 3b da 75 eb
0x00000229001180a3:   44 8b 52 08 49 c1 e2 03 45 8b 9a c4 00 00 00 4f
0x00000229001180b3:   8d 9c da d0 01 00 00 4d 8d 52 60 49 8b 1b 48 3b
0x00000229001180c3:   c3 74 15 48 85 db 0f 84 17 00 00 00 49 83 c3 10
0x00000229001180d3:   49 8b 1b 48 3b c3 75 eb 45 8b 5b 08 4b 8b 1c 1a
0x00000229001180e3:   ff 63 38 e9 15 02 ef ff ff ba 4d ff ff ff 89 44
0x00000229001180f3:   24 14 66 90 e8 04 eb f0 ff 48 8b d0 48 2d 00 00
0x0000022900118103:   00 00 00 00 00 00 00 00 00 00 00 00 00 01 00 7b
0x0000022900118113:   00 07 00 00 00 48 8b 58 08 48 8b 00 44 8b 52 08
0x0000022900118123:   49 c1 e2 03 45 8b 9a c4 00 00 00 4f 8d 9c da d0
0x0000022900118133:   01 00 00 4d 8b 13 49 3b da 74 15 4d 85 d2 0f 84
0x0000022900118143:   4f 00 00 00 49 83 c3 10 4d 8b 13 49 3b da 75 eb
0x0000022900118153:   44 8b 52 08 49 c1 e2 03 45 8b 9a c4 00 00 00 4f
0x0000022900118163:   8d 9c da d0 01 00 00 4d 8d 52 08 49 8b 1b 48 3b
0x0000022900118173:   c3 74 15 48 85 db 0f 84 17 00 00 00 49 83 c3 10
0x0000022900118183:   49 8b 1b 48 3b c3 75 eb 45 8b 5b 08 4b 8b 1c 1a
0x0000022900118193:   ff 63 38 e9 65 01 ef ff 8b d3 44 89 54 24 48 45
0x00000229001181a3:   8b c1 41 ff c0 e9 b6 fd ff ff 48 8b 54 24 40 48
0x00000229001181b3:   89 54 24 20 e8 00 00 00 00 00 00 00 00 14 00 0e
0x00000229001181c3:   00 00 00 01 5c 8b 42 08 48 c1 e0 03 48 8b 98 70
0x00000229001181d3:   02 00 00 ff 63 38 45 89 42 0c 44 8b 54 00 00 00
0x00000229001181e3:   00 00 00 00 00 18 00 0e 00 00 00 01 6c 8b 42 08
0x00000229001181f3:   48 c1 e0 03 48 8b 98 90 02 00 00 ff 63 38 8b d0
0x0000022900118203:   49 83 c2 10 49 00 00 00 00 00 00 00 00 13 00 0e
0x0000022900118213:   00 00 00 01 03 8b 42 08 48 c1 e0 03 48 8b 98 68
0x0000022900118223:   02 00 00 ff 63 38 00 e9 fb ff ff ff cf 00 00 00
0x0000022900118233:   00 00 00 00 00 1b 00 0e 00 00 00 01 8b 8b 42 08
0x0000022900118243:   48 c1 e0 03 48 8b 98 a8 02 00 00 ff 63 38 e9 af
0x0000022900118253:   fe ff ff 4c 8b 00 00 00 00 00 00 00 00 15 00 0e
0x0000022900118263:   00 00 00 01 ff 8b 42 08 48 c1 e0 03 48 8b 98 78
0x0000022900118273:   02 00 00 ff 63 38 8b 5f 48 4b 89 4c 13 00 00 00
0x0000022900118283:   00 00 00 00 00 13 00 7e 00 07 00 00 89 48 8b 58 


Stack slot to memory mapping:
stack at sp + 0 slots: 0x0000022901a17b8c is at entry_point+332 in (nmethod*)0x0000022901a17790
stack at sp + 1 slots: 0x000000008a5c0270 is an oop: org.gradle.internal.Describables$TwoPartDescribable 
{0x000000008a5c0270} - klass: 'org/gradle/internal/Describables$TwoPartDescribable'
stack at sp + 2 slots: 0x000000dcb1efa728 is pointing into the stack for thread: 0x000002290f354000
stack at sp + 3 slots: 0x000000dcb1efa701 is pointing into the stack for thread: 0x000002290f354000
stack at sp + 4 slots: 0x000002290f354000 is a thread
stack at sp + 5 slots: 0x000000dcb1efa740 is pointing into the stack for thread: 0x000002290f354000
stack at sp + 6 slots: 0x000002290f354000 is a thread
stack at sp + 7 slots: 0x0000000000000006 is an unknown value



---------------  P R O C E S S  ---------------

Threads class SMR info:
_java_thread_list=0x0000022915ae5460, length=46, elements={
0x000002296f2a9000, 0x000002297bdf2000, 0x000002297bdf5800, 0x000002297be0e000,
0x000002297be11800, 0x000002297be12800, 0x000002297be20000, 0x000002297be21000,
0x000002297be30800, 0x000002297c8e6000, 0x000002297ebcd000, 0x000002297ea95000,
0x000002297ebcc000, 0x000002297f3b6000, 0x000002297f3b3800, 0x000002297f3b7800,
0x000002297f3b5800, 0x000002297f3b8800, 0x000002290f34c800, 0x000002290f34d800,
0x000002290f348800, 0x000002290f34f000, 0x000002290f34b000, 0x000002290f356800,
0x000002290f353000, 0x000002291384f000, 0x0000022913855800, 0x000002297f3b4800,
0x0000022913851800, 0x000002297c905800, 0x000002291384f800, 0x000002291384b800,
0x0000022913853800, 0x000002290f351000, 0x000002290f351800, 0x000002290f352800,
0x000002290f354000, 0x000002290f34e800, 0x000002290f355000, 0x000002290f355800,
0x000002297c909000, 0x000002297c90b800, 0x000002290f01f800, 0x000002297c907800,
0x000002297c90c000, 0x000002297c906800
}

Java Threads: ( => current thread )
  0x000002296f2a9000 JavaThread "main" [_thread_blocked, id=5992, stack(0x000000dcb0800000,0x000000dcb0900000)]
  0x000002297bdf2000 JavaThread "Reference Handler" daemon [_thread_blocked, id=3488, stack(0x000000dcb0f00000,0x000000dcb1000000)]
  0x000002297bdf5800 JavaThread "Finalizer" daemon [_thread_blocked, id=5504, stack(0x000000dcb1000000,0x000000dcb1100000)]
  0x000002297be0e000 JavaThread "Signal Dispatcher" daemon [_thread_blocked, id=5180, stack(0x000000dcb1100000,0x000000dcb1200000)]
  0x000002297be11800 JavaThread "Attach Listener" daemon [_thread_blocked, id=5732, stack(0x000000dcb1200000,0x000000dcb1300000)]
  0x000002297be12800 JavaThread "Service Thread" daemon [_thread_blocked, id=9728, stack(0x000000dcb1300000,0x000000dcb1400000)]
  0x000002297be20000 JavaThread "C2 CompilerThread0" daemon [_thread_blocked, id=5148, stack(0x000000dcb1400000,0x000000dcb1500000)]
  0x000002297be21000 JavaThread "C1 CompilerThread0" daemon [_thread_blocked, id=868, stack(0x000000dcb1500000,0x000000dcb1600000)]
  0x000002297be30800 JavaThread "Sweeper thread" daemon [_thread_blocked, id=5636, stack(0x000000dcb1600000,0x000000dcb1700000)]
  0x000002297c8e6000 JavaThread "Common-Cleaner" daemon [_thread_blocked, id=5492, stack(0x000000dcb1700000,0x000000dcb1800000)]
  0x000002297ebcd000 JavaThread "Daemon health stats" [_thread_blocked, id=5312, stack(0x000000dcb1b00000,0x000000dcb1c00000)]
  0x000002297ea95000 JavaThread "Incoming local TCP Connector on port 56115" [_thread_in_native, id=1452, stack(0x000000dcb1c00000,0x000000dcb1d00000)]
  0x000002297ebcc000 JavaThread "Daemon periodic checks" [_thread_blocked, id=2308, stack(0x000000dcb1d00000,0x000000dcb1e00000)]
  0x000002297f3b6000 JavaThread "Cache worker for file hash cache (C:\Users\User\.gradle\wrapper\dists\gradle-6.7-1\caches\7.0.2\fileHashes)" [_thread_blocked, id=5948, stack(0x000000dcb2700000,0x000000dcb2800000)]
  0x000002297f3b3800 JavaThread "File lock request listener" [_thread_in_native, id=4784, stack(0x000000dcb2800000,0x000000dcb2900000)]
  0x000002297f3b7800 JavaThread "Cache worker for journal cache (C:\Users\User\.gradle\wrapper\dists\gradle-6.7-1\caches\journal-1)" [_thread_blocked, id=9740, stack(0x000000dcb2900000,0x000000dcb2a00000)]
  0x000002297f3b5800 JavaThread "File watcher server" daemon [_thread_in_native, id=2044, stack(0x000000dcb2b00000,0x000000dcb2c00000)]
  0x000002297f3b8800 JavaThread "File watcher consumer" daemon [_thread_blocked, id=4956, stack(0x000000dcb2c00000,0x000000dcb2d00000)]
  0x000002290f34c800 JavaThread "Cache worker for execution history cache (C:\Users\User\.gradle\wrapper\dists\gradle-6.7-1\caches\7.0.2\executionHistory)" [_thread_blocked, id=4724, stack(0x000000dcb3000000,0x000000dcb3100000)]
  0x000002290f34d800 JavaThread "jar transforms" [_thread_blocked, id=5724, stack(0x000000dcb3100000,0x000000dcb3200000)]
  0x000002290f348800 JavaThread "jar transforms Thread 2" [_thread_blocked, id=588, stack(0x000000dcb3200000,0x000000dcb3300000)]
  0x000002290f34f000 JavaThread "Cache worker for file content cache (C:\Users\User\.gradle\wrapper\dists\gradle-6.7-1\caches\7.0.2\fileContent)" [_thread_blocked, id=9716, stack(0x000000dcb3300000,0x000000dcb3400000)]
  0x000002290f34b000 JavaThread "jar transforms Thread 3" [_thread_blocked, id=8244, stack(0x000000dcb3500000,0x000000dcb3600000)]
  0x000002290f356800 JavaThread "jar transforms Thread 4" [_thread_blocked, id=8208, stack(0x000000dcb3b00000,0x000000dcb3c00000)]
  0x000002290f353000 JavaThread "Memory manager" [_thread_blocked, id=6468, stack(0x000000dcb3c00000,0x000000dcb3d00000)]
  0x000002291384f000 JavaThread "RMI Scheduler(0)" daemon [_thread_blocked, id=7040, stack(0x000000dcb1900000,0x000000dcb1a00000)]
  0x0000022913855800 JavaThread "RMI TCP Accept-0" daemon [_thread_in_native, id=2020, stack(0x000000dcb4500000,0x000000dcb4600000)]
  0x000002297f3b4800 JavaThread "RMI GC Daemon" daemon [_thread_blocked, id=9476, stack(0x000000dcb4100000,0x000000dcb4200000)]
  0x0000022913851800 JavaThread "RMI Reaper" [_thread_blocked, id=8200, stack(0x000000dcb4200000,0x000000dcb4300000)]
  0x000002297c905800 JavaThread "Cache worker for Java compile cache (C:\Users\User\.gradle\wrapper\dists\gradle-6.7-1\caches\7.0.2\javaCompile)" [_thread_blocked, id=6812, stack(0x000000dcb4900000,0x000000dcb4a00000)]
  0x000002291384f800 JavaThread "ForkJoinPool.commonPool-worker-5" daemon [_thread_blocked, id=6568, stack(0x000000dcb4f00000,0x000000dcb5000000)]
  0x000002291384b800 JavaThread "RMI RenewClean-[127.0.0.1:17384,org.jetbrains.kotlin.daemon.common.LoopbackNetworkInterface$ClientLoopbackSocketFactory@5e36f14d]" daemon [_thread_blocked, id=1532, stack(0x000000dcb4000000,0x000000dcb4100000)]
  0x0000022913853800 JavaThread "RMI RenewClean-[127.0.0.1:17384,org.jetbrains.kotlin.daemon.common.LoopbackNetworkInterface$ClientLoopbackSocketFactory@3b589006]" daemon [_thread_blocked, id=5344, stack(0x000000dcb4600000,0x000000dcb4700000)]
  0x000002290f351000 JavaThread "Daemon Thread 8" [_thread_blocked, id=4476, stack(0x000000dcb0500000,0x000000dcb0600000)]
  0x000002290f351800 JavaThread "Handler for socket connection from /127.0.0.1:56115 to /127.0.0.1:63178" [_thread_in_native, id=6628, stack(0x000000dcb0600000,0x000000dcb0700000)]
  0x000002290f352800 JavaThread "Cancel handler" [_thread_blocked, id=4812, stack(0x000000dcb0700000,0x000000dcb0800000)]
=>0x000002290f354000 JavaThread "Daemon worker Thread 8" [_thread_in_Java, id=2448, stack(0x000000dcb1e00000,0x000000dcb1f00000)]
  0x000002290f34e800 JavaThread "Asynchronous log dispatcher for DefaultDaemonConnection: socket connection from /127.0.0.1:56115 to /127.0.0.1:63178" [_thread_blocked, id=6232, stack(0x000000dcb1f00000,0x000000dcb2000000)]
  0x000002290f355000 JavaThread "Stdin handler" [_thread_blocked, id=9704, stack(0x000000dcb2000000,0x000000dcb2100000)]
  0x000002290f355800 JavaThread "Daemon client event forwarder" [_thread_blocked, id=8796, stack(0x000000dcb2100000,0x000000dcb2200000)]
  0x000002297c909000 JavaThread "Cache worker for file hash cache (C:\Users\User\AndroidStudioProjects\VideoMessages\.gradle\7.0.2\fileHashes)" [_thread_blocked, id=8988, stack(0x000000dcb2200000,0x000000dcb2300000)]
  0x000002297c90b800 JavaThread "Cache worker for checksums cache (C:\Users\User\AndroidStudioProjects\VideoMessages\.gradle\checksums)" [_thread_blocked, id=3804, stack(0x000000dcb2300000,0x000000dcb2400000)]
  0x000002290f01f800 JavaThread "C2 CompilerThread1" daemon [_thread_blocked, id=9744, stack(0x000000dcb2400000,0x000000dcb2500000)]
  0x000002297c907800 JavaThread "Cache worker for cache directory md-supplier (C:\Users\User\.gradle\wrapper\dists\gradle-6.7-1\caches\7.0.2\md-supplier)" [_thread_blocked, id=6700, stack(0x000000dcb2a00000,0x000000dcb2b00000)]
  0x000002297c90c000 JavaThread "Cache worker for cache directory md-rule (C:\Users\User\.gradle\wrapper\dists\gradle-6.7-1\caches\7.0.2\md-rule)" [_thread_blocked, id=9468, stack(0x000000dcb2d00000,0x000000dcb2e00000)]
  0x000002297c906800 JavaThread "Cache worker for dependencies-accessors (C:\Users\User\AndroidStudioProjects\VideoMessages\.gradle\7.0.2\dependencies-accessors)" [_thread_blocked, id=4960, stack(0x000000dcb2e00000,0x000000dcb2f00000)]

Other Threads:
  0x000002297bdec000 VMThread "VM Thread" [stack: 0x000000dcb0e00000,0x000000dcb0f00000] [id=5060]
  0x000002297c8fd000 WatcherThread [stack: 0x000000dcb1800000,0x000000dcb1900000] [id=5576]
  0x000002296f2c2000 GCTaskThread "GC Thread#0" [stack: 0x000000dcb0900000,0x000000dcb0a00000] [id=5788]
  0x000002297ce94000 GCTaskThread "GC Thread#1" [stack: 0x000000dcb1a00000,0x000000dcb1b00000] [id=4152]
  0x000002297dbfc000 GCTaskThread "GC Thread#2" [stack: 0x000000dcb2500000,0x000000dcb2600000] [id=5132]
  0x000002297eccb800 GCTaskThread "GC Thread#3" [stack: 0x000000dcb2600000,0x000000dcb2700000] [id=1936]
  0x000002296f2f6800 ConcurrentGCThread "G1 Main Marker" [stack: 0x000000dcb0a00000,0x000000dcb0b00000] [id=8308]
  0x000002296f2f7800 ConcurrentGCThread "G1 Conc#0" [stack: 0x000000dcb0b00000,0x000000dcb0c00000] [id=5960]
  0x000002296f35b800 ConcurrentGCThread "G1 Refine#0" [stack: 0x000000dcb0c00000,0x000000dcb0d00000] [id=3944]
  0x000002296f35c800 ConcurrentGCThread "G1 Young RemSet Sampling" [stack: 0x000000dcb0d00000,0x000000dcb0e00000] [id=3820]

Threads with active compile tasks:

VM state:not at safepoint (normal execution)

VM Mutex/Monitor currently owned by a thread: None

Heap address: 0x0000000080000000, size: 2048 MB, Compressed Oops mode: 32-bit
Narrow klass base: 0x0000000000000000, Narrow klass shift: 3
Compressed class space size: 1073741824 Address: 0x0000000100000000

Heap:
 garbage-first heap   total 238592K, used 199486K [0x0000000080000000, 0x0000000100000000)
  region size 1024K, 76 young (77824K), 8 survivors (8192K)
 Metaspace       used 114734K, capacity 118568K, committed 118860K, reserved 1153024K
  class space    used 14831K, capacity 16205K, committed 16252K, reserved 1048576K
Heap Regions: E=young(eden), S=young(survivor), O=old, HS=humongous(starts), HC=humongous(continues), CS=collection set, F=free, A=archive, TAMS=top-at-mark-start (previous, next)
|   0|0x0000000080000000, 0x0000000080100000, 0x0000000080100000|100%|HS|  |TAMS 0x0000000080100000, 0x0000000080000000| Complete 
|   1|0x0000000080100000, 0x0000000080200000, 0x0000000080200000|100%|HC|  |TAMS 0x0000000080200000, 0x0000000080100000| Complete 
|   2|0x0000000080200000, 0x0000000080300000, 0x0000000080300000|100%|HC|  |TAMS 0x0000000080300000, 0x0000000080200000| Complete 
|   3|0x0000000080300000, 0x0000000080400000, 0x0000000080400000|100%| O|  |TAMS 0x0000000080400000, 0x0000000080300000| Untracked 
|   4|0x0000000080400000, 0x0000000080500000, 0x0000000080500000|100%| O|  |TAMS 0x0000000080500000, 0x0000000080400000| Untracked 
|   5|0x0000000080500000, 0x0000000080600000, 0x0000000080600000|100%| O|  |TAMS 0x0000000080600000, 0x0000000080500000| Untracked 
|   6|0x0000000080600000, 0x0000000080700000, 0x0000000080700000|100%| O|  |TAMS 0x0000000080700000, 0x0000000080600000| Untracked 
|   7|0x0000000080700000, 0x0000000080800000, 0x0000000080800000|100%| O|  |TAMS 0x0000000080800000, 0x0000000080700000| Untracked 
|   8|0x0000000080800000, 0x0000000080900000, 0x0000000080900000|100%| O|  |TAMS 0x0000000080900000, 0x0000000080800000| Untracked 
|   9|0x0000000080900000, 0x0000000080a00000, 0x0000000080a00000|100%| O|  |TAMS 0x0000000080a00000, 0x0000000080900000| Untracked 
|  10|0x0000000080a00000, 0x0000000080b00000, 0x0000000080b00000|100%| O|  |TAMS 0x0000000080b00000, 0x0000000080a00000| Complete 
|  11|0x0000000080b00000, 0x0000000080c00000, 0x0000000080c00000|100%| O|  |TAMS 0x0000000080c00000, 0x0000000080b00000| Untracked 
|  12|0x0000000080c00000, 0x0000000080d00000, 0x0000000080d00000|100%| O|  |TAMS 0x0000000080d00000, 0x0000000080c00000| Untracked 
|  13|0x0000000080d00000, 0x0000000080e00000, 0x0000000080e00000|100%| O|  |TAMS 0x0000000080e00000, 0x0000000080d00000| Complete 
|  14|0x0000000080e00000, 0x0000000080f00000, 0x0000000080f00000|100%| O|  |TAMS 0x0000000080f00000, 0x0000000080e00000| Untracked 
|  15|0x0000000080f00000, 0x0000000081000000, 0x0000000081000000|100%| O|  |TAMS 0x0000000081000000, 0x0000000080f00000| Complete 
|  16|0x0000000081000000, 0x0000000081100000, 0x0000000081100000|100%| O|  |TAMS 0x0000000081100000, 0x0000000081000000| Complete 
|  17|0x0000000081100000, 0x0000000081200000, 0x0000000081200000|100%| O|  |TAMS 0x0000000081200000, 0x0000000081100000| Complete 
|  18|0x0000000081200000, 0x0000000081300000, 0x0000000081300000|100%| O|  |TAMS 0x0000000081300000, 0x0000000081200000| Untracked 
|  19|0x0000000081300000, 0x0000000081400000, 0x0000000081400000|100%| O|  |TAMS 0x0000000081400000, 0x0000000081300000| Complete 
|  20|0x0000000081400000, 0x0000000081500000, 0x0000000081500000|100%| O|  |TAMS 0x0000000081500000, 0x0000000081400000| Untracked 
|  21|0x0000000081500000, 0x0000000081600000, 0x0000000081600000|100%| O|  |TAMS 0x0000000081600000, 0x0000000081500000| Untracked 
|  22|0x0000000081600000, 0x0000000081700000, 0x0000000081700000|100%| O|  |TAMS 0x0000000081700000, 0x0000000081600000| Complete 
|  23|0x0000000081700000, 0x0000000081800000, 0x0000000081800000|100%| O|  |TAMS 0x0000000081800000, 0x0000000081700000| Complete 
|  24|0x0000000081800000, 0x0000000081900000, 0x0000000081900000|100%| O|  |TAMS 0x0000000081900000, 0x0000000081800000| Complete 
|  25|0x0000000081900000, 0x0000000081a00000, 0x0000000081a00000|100%|HS|  |TAMS 0x0000000081a00000, 0x0000000081900000| Complete 
|  26|0x0000000081a00000, 0x0000000081b00000, 0x0000000081b00000|100%|HS|  |TAMS 0x0000000081b00000, 0x0000000081a00000| Complete 
|  27|0x0000000081b00000, 0x0000000081c00000, 0x0000000081c00000|100%|HS|  |TAMS 0x0000000081c00000, 0x0000000081b00000| Complete 
|  28|0x0000000081c00000, 0x0000000081d00000, 0x0000000081d00000|100%|HS|  |TAMS 0x0000000081d00000, 0x0000000081c00000| Complete 
|  29|0x0000000081d00000, 0x0000000081e00000, 0x0000000081e00000|100%|HC|  |TAMS 0x0000000081e00000, 0x0000000081d00000| Complete 
|  30|0x0000000081e00000, 0x0000000081f00000, 0x0000000081f00000|100%|HC|  |TAMS 0x0000000081f00000, 0x0000000081e00000| Complete 
|  31|0x0000000081f00000, 0x0000000082000000, 0x0000000082000000|100%|HS|  |TAMS 0x0000000082000000, 0x0000000081f00000| Complete 
|  32|0x0000000082000000, 0x0000000082100000, 0x0000000082100000|100%|HC|  |TAMS 0x0000000082100000, 0x0000000082000000| Complete 
|  33|0x0000000082100000, 0x0000000082200000, 0x0000000082200000|100%| O|  |TAMS 0x0000000082200000, 0x0000000082100000| Complete 
|  34|0x0000000082200000, 0x0000000082300000, 0x0000000082300000|100%| O|  |TAMS 0x0000000082300000, 0x0000000082200000| Complete 
|  35|0x0000000082300000, 0x0000000082400000, 0x0000000082400000|100%| O|  |TAMS 0x0000000082400000, 0x0000000082300000| Complete 
|  36|0x0000000082400000, 0x0000000082500000, 0x0000000082500000|100%| O|  |TAMS 0x0000000082500000, 0x0000000082400000| Complete 
|  37|0x0000000082500000, 0x0000000082600000, 0x0000000082600000|100%|HS|  |TAMS 0x0000000082500000, 0x0000000082500000| Complete 
|  38|0x0000000082600000, 0x0000000082700000, 0x0000000082700000|100%|HC|  |TAMS 0x0000000082600000, 0x0000000082600000| Complete 
|  39|0x0000000082700000, 0x0000000082800000, 0x0000000082800000|100%| O|  |TAMS 0x0000000082800000, 0x0000000082700000| Complete 
|  40|0x0000000082800000, 0x0000000082900000, 0x0000000082900000|100%| O|  |TAMS 0x0000000082900000, 0x0000000082800000| Untracked 
|  41|0x0000000082900000, 0x0000000082a00000, 0x0000000082a00000|100%| O|  |TAMS 0x0000000082a00000, 0x0000000082900000| Untracked 
|  42|0x0000000082a00000, 0x0000000082b00000, 0x0000000082b00000|100%| O|  |TAMS 0x0000000082b00000, 0x0000000082a00000| Untracked 
|  43|0x0000000082b00000, 0x0000000082c00000, 0x0000000082c00000|100%| O|  |TAMS 0x0000000082c00000, 0x0000000082b00000| Complete 
|  44|0x0000000082c00000, 0x0000000082d00000, 0x0000000082d00000|100%| O|  |TAMS 0x0000000082d00000, 0x0000000082c00000| Untracked 
|  45|0x0000000082d00000, 0x0000000082e00000, 0x0000000082e00000|100%| O|  |TAMS 0x0000000082e00000, 0x0000000082d00000| Untracked 
|  46|0x0000000082e00000, 0x0000000082f00000, 0x0000000082f00000|100%| O|  |TAMS 0x0000000082f00000, 0x0000000082e00000| Complete 
|  47|0x0000000082f00000, 0x0000000082f00000, 0x0000000083000000|  0%| F|  |TAMS 0x0000000082f00000, 0x0000000082f00000| Untracked 
|  48|0x0000000083000000, 0x0000000083100000, 0x0000000083100000|100%| O|  |TAMS 0x0000000083100000, 0x0000000083000000| Complete 
|  49|0x0000000083100000, 0x0000000083200000, 0x0000000083200000|100%| O|  |TAMS 0x0000000083200000, 0x0000000083100000| Complete 
|  50|0x0000000083200000, 0x0000000083300000, 0x0000000083300000|100%| O|  |TAMS 0x0000000083300000, 0x0000000083200000| Complete 
|  51|0x0000000083300000, 0x0000000083400000, 0x0000000083400000|100%| O|  |TAMS 0x0000000083400000, 0x0000000083300000| Complete 
|  52|0x0000000083400000, 0x0000000083500000, 0x0000000083500000|100%| O|  |TAMS 0x0000000083500000, 0x0000000083400000| Complete 
|  53|0x0000000083500000, 0x0000000083600000, 0x0000000083600000|100%| O|  |TAMS 0x0000000083600000, 0x0000000083500000| Complete 
|  54|0x0000000083600000, 0x0000000083600000, 0x0000000083700000|  0%| F|  |TAMS 0x0000000083600000, 0x0000000083600000| Untracked 
|  55|0x0000000083700000, 0x0000000083800000, 0x0000000083800000|100%| O|  |TAMS 0x0000000083800000, 0x0000000083700000| Complete 
|  56|0x0000000083800000, 0x0000000083800000, 0x0000000083900000|  0%| F|  |TAMS 0x0000000083800000, 0x0000000083800000| Untracked 
|  57|0x0000000083900000, 0x0000000083a00000, 0x0000000083a00000|100%| O|  |TAMS 0x0000000083a00000, 0x0000000083900000| Complete 
|  58|0x0000000083a00000, 0x0000000083b00000, 0x0000000083b00000|100%| O|  |TAMS 0x0000000083b00000, 0x0000000083a00000| Untracked 
|  59|0x0000000083b00000, 0x0000000083c00000, 0x0000000083c00000|100%| O|  |TAMS 0x0000000083c00000, 0x0000000083b00000| Complete 
|  60|0x0000000083c00000, 0x0000000083d00000, 0x0000000083d00000|100%| O|  |TAMS 0x0000000083d00000, 0x0000000083c00000| Complete 
|  61|0x0000000083d00000, 0x0000000083e00000, 0x0000000083e00000|100%| O|  |TAMS 0x0000000083e00000, 0x0000000083d00000| Untracked 
|  62|0x0000000083e00000, 0x0000000083f00000, 0x0000000083f00000|100%| O|  |TAMS 0x0000000083f00000, 0x0000000083e00000| Complete 
|  63|0x0000000083f00000, 0x0000000084000000, 0x0000000084000000|100%| O|  |TAMS 0x0000000084000000, 0x0000000083f00000| Complete 
|  64|0x0000000084000000, 0x0000000084100000, 0x0000000084100000|100%| O|  |TAMS 0x0000000084100000, 0x0000000084000000| Complete 
|  65|0x0000000084100000, 0x0000000084200000, 0x0000000084200000|100%| O|  |TAMS 0x0000000084200000, 0x0000000084100000| Complete 
|  66|0x0000000084200000, 0x0000000084300000, 0x0000000084300000|100%| O|  |TAMS 0x0000000084300000, 0x0000000084200000| Complete 
|  67|0x0000000084300000, 0x0000000084400000, 0x0000000084400000|100%|HS|  |TAMS 0x0000000084300000, 0x0000000084300000| Complete 
|  68|0x0000000084400000, 0x0000000084500000, 0x0000000084500000|100%|HC|  |TAMS 0x0000000084400000, 0x0000000084400000| Complete 
|  69|0x0000000084500000, 0x0000000084600000, 0x0000000084600000|100%| O|  |TAMS 0x0000000084600000, 0x0000000084500000| Complete 
|  70|0x0000000084600000, 0x0000000084700000, 0x0000000084700000|100%| O|  |TAMS 0x0000000084700000, 0x0000000084600000| Untracked 
|  71|0x0000000084700000, 0x0000000084800000, 0x0000000084800000|100%| O|  |TAMS 0x0000000084800000, 0x0000000084700000| Complete 
|  72|0x0000000084800000, 0x0000000084900000, 0x0000000084900000|100%| O|  |TAMS 0x0000000084900000, 0x0000000084800000| Untracked 
|  73|0x0000000084900000, 0x0000000084900000, 0x0000000084a00000|  0%| F|  |TAMS 0x0000000084900000, 0x0000000084900000| Untracked 
|  74|0x0000000084a00000, 0x0000000084b00000, 0x0000000084b00000|100%| O|  |TAMS 0x0000000084b00000, 0x0000000084a00000| Complete 
|  75|0x0000000084b00000, 0x0000000084c00000, 0x0000000084c00000|100%| O|  |TAMS 0x0000000084c00000, 0x0000000084b00000| Complete 
|  76|0x0000000084c00000, 0x0000000084d00000, 0x0000000084d00000|100%| O|  |TAMS 0x0000000084d00000, 0x0000000084c00000| Untracked 
|  77|0x0000000084d00000, 0x0000000084e00000, 0x0000000084e00000|100%| O|  |TAMS 0x0000000084e00000, 0x0000000084d00000| Complete 
|  78|0x0000000084e00000, 0x0000000084f00000, 0x0000000084f00000|100%| O|  |TAMS 0x0000000084f00000, 0x0000000084e00000| Complete 
|  79|0x0000000084f00000, 0x0000000085000000, 0x0000000085000000|100%| O|  |TAMS 0x0000000085000000, 0x0000000084f00000| Untracked 
|  80|0x0000000085000000, 0x0000000085100000, 0x0000000085100000|100%| O|  |TAMS 0x0000000085100000, 0x0000000085000000| Complete 
|  81|0x0000000085100000, 0x0000000085100000, 0x0000000085200000|  0%| F|  |TAMS 0x0000000085100000, 0x0000000085100000| Untracked 
|  82|0x0000000085200000, 0x0000000085300000, 0x0000000085300000|100%| O|  |TAMS 0x0000000085300000, 0x0000000085200000| Untracked 
|  83|0x0000000085300000, 0x0000000085400000, 0x0000000085400000|100%| O|  |TAMS 0x0000000085400000, 0x0000000085300000| Complete 
|  84|0x0000000085400000, 0x0000000085500000, 0x0000000085500000|100%| O|  |TAMS 0x0000000085500000, 0x0000000085400000| Untracked 
|  85|0x0000000085500000, 0x0000000085600000, 0x0000000085600000|100%| O|  |TAMS 0x0000000085600000, 0x0000000085500000| Untracked 
|  86|0x0000000085600000, 0x0000000085700000, 0x0000000085700000|100%| O|  |TAMS 0x0000000085700000, 0x0000000085600000| Complete 
|  87|0x0000000085700000, 0x0000000085800000, 0x0000000085800000|100%| O|  |TAMS 0x0000000085800000, 0x0000000085700000| Complete 
|  88|0x0000000085800000, 0x0000000085900000, 0x0000000085900000|100%| O|  |TAMS 0x0000000085900000, 0x0000000085800000| Complete 
|  89|0x0000000085900000, 0x0000000085a00000, 0x0000000085a00000|100%| O|  |TAMS 0x0000000085a00000, 0x0000000085900000| Complete 
|  90|0x0000000085a00000, 0x0000000085b00000, 0x0000000085b00000|100%| O|  |TAMS 0x0000000085b00000, 0x0000000085a00000| Complete 
|  91|0x0000000085b00000, 0x0000000085c00000, 0x0000000085c00000|100%| O|  |TAMS 0x0000000085c00000, 0x0000000085b00000| Complete 
|  92|0x0000000085c00000, 0x0000000085d00000, 0x0000000085d00000|100%| O|  |TAMS 0x0000000085d00000, 0x0000000085c00000| Complete 
|  93|0x0000000085d00000, 0x0000000085e00000, 0x0000000085e00000|100%| O|  |TAMS 0x0000000085e00000, 0x0000000085d00000| Complete 
|  94|0x0000000085e00000, 0x0000000085f00000, 0x0000000085f00000|100%| O|  |TAMS 0x0000000085f00000, 0x0000000085e00000| Complete 
|  95|0x0000000085f00000, 0x0000000086000000, 0x0000000086000000|100%| O|  |TAMS 0x0000000086000000, 0x0000000085f00000| Complete 
|  96|0x0000000086000000, 0x0000000086100000, 0x0000000086100000|100%| O|  |TAMS 0x0000000086100000, 0x0000000086000000| Complete 
|  97|0x0000000086100000, 0x0000000086200000, 0x0000000086200000|100%| O|  |TAMS 0x0000000086200000, 0x0000000086100000| Untracked 
|  98|0x0000000086200000, 0x0000000086272800, 0x0000000086300000| 44%| O|  |TAMS 0x0000000086272800, 0x0000000086200000| Untracked 
|  99|0x0000000086300000, 0x0000000086400000, 0x0000000086400000|100%| O|  |TAMS 0x0000000086400000, 0x0000000086300000| Complete 
| 100|0x0000000086400000, 0x0000000086500000, 0x0000000086500000|100%| O|  |TAMS 0x0000000086500000, 0x0000000086400000| Untracked 
| 101|0x0000000086500000, 0x0000000086600000, 0x0000000086600000|100%| O|  |TAMS 0x0000000086600000, 0x0000000086500000| Complete 
| 102|0x0000000086600000, 0x0000000086700000, 0x0000000086700000|100%| O|  |TAMS 0x0000000086700000, 0x0000000086600000| Complete 
| 103|0x0000000086700000, 0x0000000086800000, 0x0000000086800000|100%| O|  |TAMS 0x0000000086800000, 0x0000000086700000| Untracked 
| 104|0x0000000086800000, 0x0000000086900000, 0x0000000086900000|100%| O|  |TAMS 0x0000000086900000, 0x0000000086800000| Untracked 
| 105|0x0000000086900000, 0x0000000086a00000, 0x0000000086a00000|100%| O|  |TAMS 0x0000000086a00000, 0x0000000086900000| Untracked 
| 106|0x0000000086a00000, 0x0000000086b00000, 0x0000000086b00000|100%| O|  |TAMS 0x0000000086b00000, 0x0000000086a00000| Untracked 
| 107|0x0000000086b00000, 0x0000000086c00000, 0x0000000086c00000|100%| O|  |TAMS 0x0000000086c00000, 0x0000000086b00000| Untracked 
| 108|0x0000000086c00000, 0x0000000086d00000, 0x0000000086d00000|100%| O|  |TAMS 0x0000000086d00000, 0x0000000086c00000| Untracked 
| 109|0x0000000086d00000, 0x0000000086e00000, 0x0000000086e00000|100%| O|  |TAMS 0x0000000086e00000, 0x0000000086d00000| Untracked 
| 110|0x0000000086e00000, 0x0000000086f00000, 0x0000000086f00000|100%| O|  |TAMS 0x0000000086f00000, 0x0000000086e00000| Untracked 
| 111|0x0000000086f00000, 0x0000000087000000, 0x0000000087000000|100%| O|  |TAMS 0x0000000087000000, 0x0000000086f00000| Untracked 
| 112|0x0000000087000000, 0x0000000087100000, 0x0000000087100000|100%| O|  |TAMS 0x0000000087100000, 0x0000000087000000| Untracked 
| 113|0x0000000087100000, 0x0000000087200000, 0x0000000087200000|100%| O|  |TAMS 0x0000000087200000, 0x0000000087100000| Untracked 
| 114|0x0000000087200000, 0x0000000087200000, 0x0000000087300000|  0%| F|  |TAMS 0x0000000087200000, 0x0000000087200000| Untracked 
| 115|0x0000000087300000, 0x0000000087400000, 0x0000000087400000|100%| O|  |TAMS 0x0000000087400000, 0x0000000087300000| Untracked 
| 116|0x0000000087400000, 0x0000000087500000, 0x0000000087500000|100%| O|  |TAMS 0x0000000087500000, 0x0000000087400000| Complete 
| 117|0x0000000087500000, 0x0000000087600000, 0x0000000087600000|100%| O|  |TAMS 0x0000000087600000, 0x0000000087500000| Complete 
| 118|0x0000000087600000, 0x0000000087700000, 0x0000000087700000|100%|HS|  |TAMS 0x0000000087600000, 0x0000000087600000| Complete 
| 119|0x0000000087700000, 0x0000000087800000, 0x0000000087800000|100%|HC|  |TAMS 0x0000000087700000, 0x0000000087700000| Complete 
| 120|0x0000000087800000, 0x0000000087900000, 0x0000000087900000|100%|HS|  |TAMS 0x0000000087800000, 0x0000000087800000| Complete 
| 121|0x0000000087900000, 0x0000000087a00000, 0x0000000087a00000|100%|HC|  |TAMS 0x0000000087900000, 0x0000000087900000| Complete 
| 122|0x0000000087a00000, 0x0000000087b00000, 0x0000000087b00000|100%|HS|  |TAMS 0x0000000087a00000, 0x0000000087a00000| Complete 
| 123|0x0000000087b00000, 0x0000000087c00000, 0x0000000087c00000|100%|HC|  |TAMS 0x0000000087b00000, 0x0000000087b00000| Complete 
| 124|0x0000000087c00000, 0x0000000087d00000, 0x0000000087d00000|100%|HS|  |TAMS 0x0000000087c00000, 0x0000000087c00000| Complete 
| 125|0x0000000087d00000, 0x0000000087e00000, 0x0000000087e00000|100%|HC|  |TAMS 0x0000000087d00000, 0x0000000087d00000| Complete 
| 126|0x0000000087e00000, 0x0000000087f00000, 0x0000000087f00000|100%|HS|  |TAMS 0x0000000087e00000, 0x0000000087e00000| Complete 
| 127|0x0000000087f00000, 0x0000000088000000, 0x0000000088000000|100%|HC|  |TAMS 0x0000000087f00000, 0x0000000087f00000| Complete 
| 128|0x0000000088000000, 0x0000000088000000, 0x0000000088100000|  0%| F|  |TAMS 0x0000000088000000, 0x0000000088000000| Untracked 
| 129|0x0000000088100000, 0x0000000088100000, 0x0000000088200000|  0%| F|  |TAMS 0x0000000088100000, 0x0000000088100000| Untracked 
| 130|0x0000000088200000, 0x0000000088200000, 0x0000000088300000|  0%| F|  |TAMS 0x0000000088200000, 0x0000000088200000| Untracked 
| 131|0x0000000088300000, 0x0000000088300000, 0x0000000088400000|  0%| F|  |TAMS 0x0000000088300000, 0x0000000088300000| Untracked 
| 132|0x0000000088400000, 0x0000000088400000, 0x0000000088500000|  0%| F|  |TAMS 0x0000000088400000, 0x0000000088400000| Untracked 
| 133|0x0000000088500000, 0x0000000088500000, 0x0000000088600000|  0%| F|  |TAMS 0x0000000088500000, 0x0000000088500000| Untracked 
| 134|0x0000000088600000, 0x0000000088600000, 0x0000000088700000|  0%| F|  |TAMS 0x0000000088600000, 0x0000000088600000| Untracked 
| 135|0x0000000088700000, 0x0000000088700000, 0x0000000088800000|  0%| F|  |TAMS 0x0000000088700000, 0x0000000088700000| Untracked 
| 136|0x0000000088800000, 0x0000000088800000, 0x0000000088900000|  0%| F|  |TAMS 0x0000000088800000, 0x0000000088800000| Untracked 
| 137|0x0000000088900000, 0x0000000088900000, 0x0000000088a00000|  0%| F|  |TAMS 0x0000000088900000, 0x0000000088900000| Untracked 
| 138|0x0000000088a00000, 0x0000000088a00000, 0x0000000088b00000|  0%| F|  |TAMS 0x0000000088a00000, 0x0000000088a00000| Untracked 
| 139|0x0000000088b00000, 0x0000000088b00000, 0x0000000088c00000|  0%| F|  |TAMS 0x0000000088b00000, 0x0000000088b00000| Untracked 
| 140|0x0000000088c00000, 0x0000000088c00000, 0x0000000088d00000|  0%| F|  |TAMS 0x0000000088c00000, 0x0000000088c00000| Untracked 
| 141|0x0000000088d00000, 0x0000000088d00000, 0x0000000088e00000|  0%| F|  |TAMS 0x0000000088d00000, 0x0000000088d00000| Untracked 
| 142|0x0000000088e00000, 0x0000000088e00000, 0x0000000088f00000|  0%| F|  |TAMS 0x0000000088e00000, 0x0000000088e00000| Untracked 
| 143|0x0000000088f00000, 0x0000000088f00000, 0x0000000089000000|  0%| F|  |TAMS 0x0000000088f00000, 0x0000000088f00000| Untracked 
| 144|0x0000000089000000, 0x0000000089000000, 0x0000000089100000|  0%| F|  |TAMS 0x0000000089000000, 0x0000000089000000| Untracked 
| 145|0x0000000089100000, 0x0000000089100000, 0x0000000089200000|  0%| F|  |TAMS 0x0000000089100000, 0x0000000089100000| Untracked 
| 146|0x0000000089200000, 0x0000000089200000, 0x0000000089300000|  0%| F|  |TAMS 0x0000000089200000, 0x0000000089200000| Untracked 
| 147|0x0000000089300000, 0x0000000089300000, 0x0000000089400000|  0%| F|  |TAMS 0x0000000089300000, 0x0000000089300000| Untracked 
| 148|0x0000000089400000, 0x0000000089400000, 0x0000000089500000|  0%| F|  |TAMS 0x0000000089400000, 0x0000000089400000| Untracked 
| 149|0x0000000089500000, 0x0000000089500000, 0x0000000089600000|  0%| F|  |TAMS 0x0000000089500000, 0x0000000089500000| Untracked 
| 150|0x0000000089600000, 0x0000000089600000, 0x0000000089700000|  0%| F|  |TAMS 0x0000000089600000, 0x0000000089600000| Untracked 
| 151|0x0000000089700000, 0x0000000089700000, 0x0000000089800000|  0%| F|  |TAMS 0x0000000089700000, 0x0000000089700000| Untracked 
| 152|0x0000000089800000, 0x000000008985d1c0, 0x0000000089900000| 36%| S|CS|TAMS 0x0000000089800000, 0x0000000089800000| Complete 
| 153|0x0000000089900000, 0x0000000089a00000, 0x0000000089a00000|100%| S|CS|TAMS 0x0000000089900000, 0x0000000089900000| Complete 
| 154|0x0000000089a00000, 0x0000000089b00000, 0x0000000089b00000|100%| S|CS|TAMS 0x0000000089a00000, 0x0000000089a00000| Complete 
| 155|0x0000000089b00000, 0x0000000089c00000, 0x0000000089c00000|100%| S|CS|TAMS 0x0000000089b00000, 0x0000000089b00000| Complete 
| 156|0x0000000089c00000, 0x0000000089d00000, 0x0000000089d00000|100%| S|CS|TAMS 0x0000000089c00000, 0x0000000089c00000| Complete 
| 157|0x0000000089d00000, 0x0000000089e00000, 0x0000000089e00000|100%| S|CS|TAMS 0x0000000089d00000, 0x0000000089d00000| Complete 
| 158|0x0000000089e00000, 0x0000000089f00000, 0x0000000089f00000|100%| S|CS|TAMS 0x0000000089e00000, 0x0000000089e00000| Complete 
| 159|0x0000000089f00000, 0x000000008a000000, 0x000000008a000000|100%| S|CS|TAMS 0x0000000089f00000, 0x0000000089f00000| Complete 
| 160|0x000000008a000000, 0x000000008a000000, 0x000000008a100000|  0%| F|  |TAMS 0x000000008a000000, 0x000000008a000000| Untracked 
| 161|0x000000008a100000, 0x000000008a100000, 0x000000008a200000|  0%| F|  |TAMS 0x000000008a100000, 0x000000008a100000| Untracked 
| 162|0x000000008a200000, 0x000000008a200000, 0x000000008a300000|  0%| F|  |TAMS 0x000000008a200000, 0x000000008a200000| Untracked 
| 163|0x000000008a300000, 0x000000008a300000, 0x000000008a400000|  0%| F|  |TAMS 0x000000008a300000, 0x000000008a300000| Untracked 
| 164|0x000000008a400000, 0x000000008a400000, 0x000000008a500000|  0%| F|  |TAMS 0x000000008a400000, 0x000000008a400000| Untracked 
| 165|0x000000008a500000, 0x000000008a5cc468, 0x000000008a600000| 79%| E|  |TAMS 0x000000008a500000, 0x000000008a500000| Complete 
| 166|0x000000008a600000, 0x000000008a700000, 0x000000008a700000|100%| E|CS|TAMS 0x000000008a600000, 0x000000008a600000| Complete 
| 167|0x000000008a700000, 0x000000008a800000, 0x000000008a800000|100%| E|CS|TAMS 0x000000008a700000, 0x000000008a700000| Complete 
| 168|0x000000008a800000, 0x000000008a900000, 0x000000008a900000|100%| E|CS|TAMS 0x000000008a800000, 0x000000008a800000| Complete 
| 169|0x000000008a900000, 0x000000008aa00000, 0x000000008aa00000|100%| E|CS|TAMS 0x000000008a900000, 0x000000008a900000| Complete 
| 170|0x000000008aa00000, 0x000000008ab00000, 0x000000008ab00000|100%| E|CS|TAMS 0x000000008aa00000, 0x000000008aa00000| Complete 
| 171|0x000000008ab00000, 0x000000008ac00000, 0x000000008ac00000|100%| E|CS|TAMS 0x000000008ab00000, 0x000000008ab00000| Complete 
| 172|0x000000008ac00000, 0x000000008ad00000, 0x000000008ad00000|100%| E|CS|TAMS 0x000000008ac00000, 0x000000008ac00000| Complete 
| 173|0x000000008ad00000, 0x000000008ae00000, 0x000000008ae00000|100%| E|CS|TAMS 0x000000008ad00000, 0x000000008ad00000| Complete 
| 174|0x000000008ae00000, 0x000000008af00000, 0x000000008af00000|100%| E|  |TAMS 0x000000008ae00000, 0x000000008ae00000| Complete 
| 175|0x000000008af00000, 0x000000008b000000, 0x000000008b000000|100%| E|CS|TAMS 0x000000008af00000, 0x000000008af00000| Complete 
| 176|0x000000008b000000, 0x000000008b100000, 0x000000008b100000|100%| E|CS|TAMS 0x000000008b000000, 0x000000008b000000| Complete 
| 177|0x000000008b100000, 0x000000008b200000, 0x000000008b200000|100%| E|CS|TAMS 0x000000008b100000, 0x000000008b100000| Complete 
| 178|0x000000008b200000, 0x000000008b300000, 0x000000008b300000|100%| E|CS|TAMS 0x000000008b200000, 0x000000008b200000| Complete 
| 179|0x000000008b300000, 0x000000008b400000, 0x000000008b400000|100%| E|CS|TAMS 0x000000008b300000, 0x000000008b300000| Complete 
| 180|0x000000008b400000, 0x000000008b500000, 0x000000008b500000|100%| E|CS|TAMS 0x000000008b400000, 0x000000008b400000| Complete 
| 181|0x000000008b500000, 0x000000008b600000, 0x000000008b600000|100%| E|CS|TAMS 0x000000008b500000, 0x000000008b500000| Complete 
| 182|0x000000008b600000, 0x000000008b700000, 0x000000008b700000|100%| E|CS|TAMS 0x000000008b600000, 0x000000008b600000| Complete 
| 183|0x000000008b700000, 0x000000008b800000, 0x000000008b800000|100%| E|CS|TAMS 0x000000008b700000, 0x000000008b700000| Complete 
| 184|0x000000008b800000, 0x000000008b900000, 0x000000008b900000|100%| E|CS|TAMS 0x000000008b800000, 0x000000008b800000| Complete 
| 185|0x000000008b900000, 0x000000008ba00000, 0x000000008ba00000|100%| E|CS|TAMS 0x000000008b900000, 0x000000008b900000| Complete 
| 186|0x000000008ba00000, 0x000000008bb00000, 0x000000008bb00000|100%| E|CS|TAMS 0x000000008ba00000, 0x000000008ba00000| Complete 
| 187|0x000000008bb00000, 0x000000008bc00000, 0x000000008bc00000|100%| E|CS|TAMS 0x000000008bb00000, 0x000000008bb00000| Complete 
| 188|0x000000008bc00000, 0x000000008bd00000, 0x000000008bd00000|100%| E|CS|TAMS 0x000000008bc00000, 0x000000008bc00000| Complete 
| 189|0x000000008bd00000, 0x000000008be00000, 0x000000008be00000|100%| E|CS|TAMS 0x000000008bd00000, 0x000000008bd00000| Complete 
| 190|0x000000008be00000, 0x000000008bf00000, 0x000000008bf00000|100%| E|CS|TAMS 0x000000008be00000, 0x000000008be00000| Complete 
| 191|0x000000008bf00000, 0x000000008c000000, 0x000000008c000000|100%| E|CS|TAMS 0x000000008bf00000, 0x000000008bf00000| Complete 
| 192|0x000000008c000000, 0x000000008c100000, 0x000000008c100000|100%| E|CS|TAMS 0x000000008c000000, 0x000000008c000000| Complete 
| 193|0x000000008c100000, 0x000000008c200000, 0x000000008c200000|100%| E|CS|TAMS 0x000000008c100000, 0x000000008c100000| Complete 
| 194|0x000000008c200000, 0x000000008c300000, 0x000000008c300000|100%| E|CS|TAMS 0x000000008c200000, 0x000000008c200000| Complete 
| 195|0x000000008c300000, 0x000000008c400000, 0x000000008c400000|100%| E|CS|TAMS 0x000000008c300000, 0x000000008c300000| Complete 
| 196|0x000000008c400000, 0x000000008c500000, 0x000000008c500000|100%| E|CS|TAMS 0x000000008c400000, 0x000000008c400000| Complete 
| 197|0x000000008c500000, 0x000000008c600000, 0x000000008c600000|100%| E|CS|TAMS 0x000000008c500000, 0x000000008c500000| Complete 
| 198|0x000000008c600000, 0x000000008c700000, 0x000000008c700000|100%| E|CS|TAMS 0x000000008c600000, 0x000000008c600000| Complete 
| 199|0x000000008c700000, 0x000000008c800000, 0x000000008c800000|100%| E|CS|TAMS 0x000000008c700000, 0x000000008c700000| Complete 
| 200|0x000000008c800000, 0x000000008c900000, 0x000000008c900000|100%| E|CS|TAMS 0x000000008c800000, 0x000000008c800000| Complete 
| 201|0x000000008c900000, 0x000000008ca00000, 0x000000008ca00000|100%| E|CS|TAMS 0x000000008c900000, 0x000000008c900000| Complete 
| 202|0x000000008ca00000, 0x000000008cb00000, 0x000000008cb00000|100%| E|CS|TAMS 0x000000008ca00000, 0x000000008ca00000| Complete 
| 203|0x000000008cb00000, 0x000000008cc00000, 0x000000008cc00000|100%| E|CS|TAMS 0x000000008cb00000, 0x000000008cb00000| Complete 
| 204|0x000000008cc00000, 0x000000008cd00000, 0x000000008cd00000|100%| E|CS|TAMS 0x000000008cc00000, 0x000000008cc00000| Complete 
| 205|0x000000008cd00000, 0x000000008ce00000, 0x000000008ce00000|100%| E|CS|TAMS 0x000000008cd00000, 0x000000008cd00000| Complete 
| 206|0x000000008ce00000, 0x000000008cf00000, 0x000000008cf00000|100%| E|CS|TAMS 0x000000008ce00000, 0x000000008ce00000| Complete 
| 207|0x000000008cf00000, 0x000000008d000000, 0x000000008d000000|100%| E|CS|TAMS 0x000000008cf00000, 0x000000008cf00000| Complete 
| 208|0x000000008d000000, 0x000000008d100000, 0x000000008d100000|100%| E|CS|TAMS 0x000000008d000000, 0x000000008d000000| Complete 
| 209|0x000000008d100000, 0x000000008d200000, 0x000000008d200000|100%| E|CS|TAMS 0x000000008d100000, 0x000000008d100000| Complete 
| 210|0x000000008d200000, 0x000000008d300000, 0x000000008d300000|100%| E|CS|TAMS 0x000000008d200000, 0x000000008d200000| Complete 
| 211|0x000000008d300000, 0x000000008d400000, 0x000000008d400000|100%| E|CS|TAMS 0x000000008d300000, 0x000000008d300000| Complete 
| 212|0x000000008d400000, 0x000000008d500000, 0x000000008d500000|100%| E|CS|TAMS 0x000000008d400000, 0x000000008d400000| Complete 
| 213|0x000000008d500000, 0x000000008d600000, 0x000000008d600000|100%| E|CS|TAMS 0x000000008d500000, 0x000000008d500000| Complete 
| 214|0x000000008d600000, 0x000000008d700000, 0x000000008d700000|100%| E|CS|TAMS 0x000000008d600000, 0x000000008d600000| Complete 
| 215|0x000000008d700000, 0x000000008d800000, 0x000000008d800000|100%| E|CS|TAMS 0x000000008d700000, 0x000000008d700000| Complete 
| 216|0x000000008d800000, 0x000000008d900000, 0x000000008d900000|100%| E|CS|TAMS 0x000000008d800000, 0x000000008d800000| Complete 
| 217|0x000000008d900000, 0x000000008da00000, 0x000000008da00000|100%| E|CS|TAMS 0x000000008d900000, 0x000000008d900000| Complete 
| 218|0x000000008da00000, 0x000000008db00000, 0x000000008db00000|100%| E|CS|TAMS 0x000000008da00000, 0x000000008da00000| Complete 
| 219|0x000000008db00000, 0x000000008dc00000, 0x000000008dc00000|100%| E|CS|TAMS 0x000000008db00000, 0x000000008db00000| Complete 
| 220|0x000000008dc00000, 0x000000008dd00000, 0x000000008dd00000|100%| E|CS|TAMS 0x000000008dc00000, 0x000000008dc00000| Complete 
| 221|0x000000008dd00000, 0x000000008de00000, 0x000000008de00000|100%| E|CS|TAMS 0x000000008dd00000, 0x000000008dd00000| Complete 
| 222|0x000000008de00000, 0x000000008df00000, 0x000000008df00000|100%| E|CS|TAMS 0x000000008de00000, 0x000000008de00000| Complete 
| 223|0x000000008df00000, 0x000000008e000000, 0x000000008e000000|100%| E|CS|TAMS 0x000000008df00000, 0x000000008df00000| Complete 
| 224|0x000000008e000000, 0x000000008e100000, 0x000000008e100000|100%| E|CS|TAMS 0x000000008e000000, 0x000000008e000000| Complete 
| 225|0x000000008e100000, 0x000000008e200000, 0x000000008e200000|100%| E|CS|TAMS 0x000000008e100000, 0x000000008e100000| Complete 
| 226|0x000000008e200000, 0x000000008e300000, 0x000000008e300000|100%| E|CS|TAMS 0x000000008e200000, 0x000000008e200000| Complete 
| 227|0x000000008e300000, 0x000000008e400000, 0x000000008e400000|100%| E|CS|TAMS 0x000000008e300000, 0x000000008e300000| Complete 
| 228|0x000000008e400000, 0x000000008e500000, 0x000000008e500000|100%| E|CS|TAMS 0x000000008e400000, 0x000000008e400000| Complete 
| 229|0x000000008e500000, 0x000000008e600000, 0x000000008e600000|100%| E|CS|TAMS 0x000000008e500000, 0x000000008e500000| Complete 
| 230|0x000000008e600000, 0x000000008e700000, 0x000000008e700000|100%| E|CS|TAMS 0x000000008e600000, 0x000000008e600000| Complete 
| 231|0x000000008e700000, 0x000000008e800000, 0x000000008e800000|100%| E|CS|TAMS 0x000000008e700000, 0x000000008e700000| Complete 
| 232|0x000000008e800000, 0x000000008e900000, 0x000000008e900000|100%| E|CS|TAMS 0x000000008e800000, 0x000000008e800000| Complete 

Card table byte_map: [0x0000022974fd0000,0x00000229753d0000] _byte_map_base: 0x0000022974bd0000

Marking Bits (Prev, Next): (CMBitMap*) 0x000002296f2ed8c0, (CMBitMap*) 0x000002296f2ed888
 Prev Bits: [0x00000229777d0000, 0x00000229797d0000)
 Next Bits: [0x00000229757d0000, 0x00000229777d0000)

Polling page: 0x000002296f390000

Metaspace:

Usage:
  Non-class:     99.96 MB capacity,    97.56 MB ( 98%) used,     1.97 MB (  2%) free+waste,   441.56 KB ( <1%) overhead. 
      Class:     15.83 MB capacity,    14.48 MB ( 92%) used,     1.15 MB (  7%) free+waste,   199.31 KB (  1%) overhead. 
       Both:    115.79 MB capacity,   112.05 MB ( 97%) used,     3.12 MB (  3%) free+waste,   640.88 KB ( <1%) overhead. 

Virtual space:
  Non-class space:      102.00 MB reserved,     100.20 MB ( 98%) committed 
      Class space:        1.00 GB reserved,      15.87 MB (  2%) committed 
             Both:        1.10 GB reserved,     116.07 MB ( 10%) committed 

Chunk freelists:
   Non-Class:  1.00 KB
       Class:  0 bytes
        Both:  1.00 KB

MaxMetaspaceSize: 17179869184.00 GB
CompressedClassSpaceSize: 1.00 GB

CodeHeap 'non-profiled nmethods': size=120064Kb used=13945Kb max_used=13945Kb free=106118Kb
 bounds [0x0000022907ac0000, 0x0000022908860000, 0x000002290f000000]
CodeHeap 'profiled nmethods': size=120000Kb used=41222Kb max_used=41222Kb free=78777Kb
 bounds [0x0000022900590000, 0x0000022902de0000, 0x0000022907ac0000]
CodeHeap 'non-nmethods': size=5696Kb used=2351Kb max_used=2437Kb free=3344Kb
 bounds [0x0000022900000000, 0x0000022900280000, 0x0000022900590000]
 total_blobs=19692 nmethods=18707 adapters=895
 compilation: enabled
              stopped_count=0, restarted_count=0
 full_count=0

Compilation events (20 events):
Event: 10464.086 Thread 0x000002297be20000 19683       4       org.gradle.internal.time.Time::startTimer (11 bytes)
Event: 10464.086 Thread 0x000002297be21000 19685       3       org.gradle.cache.PersistentIndexedCacheParameters::<init> (26 bytes)
Event: 10464.086 Thread 0x000002297be21000 nmethod 19685 0x0000022902ddb590 code [0x0000022902ddb760, 0x0000022902ddba38]
Event: 10464.087 Thread 0x000002297be20000 nmethod 19683 0x000002290885cf90 code [0x000002290885d140, 0x000002290885d2b8]
Event: 10464.087 Thread 0x000002297be20000 19682       4       org.gradle.internal.operations.CurrentBuildOperationRef::getId (20 bytes)
Event: 10464.092 Thread 0x000002290f01f800 nmethod 19684 0x000002290885d410 code [0x000002290885d600, 0x000002290885dbb8]
Event: 10464.093 Thread 0x000002297be21000 19686       3       org.gradle.groovy.scripts.internal.ScriptCacheKey::hashCode (52 bytes)
Event: 10464.093 Thread 0x000002297be21000 nmethod 19686 0x0000022902ddbb10 code [0x0000022902ddbd00, 0x0000022902ddc178]
Event: 10464.094 Thread 0x000002297be20000 nmethod 19682 0x000002290885e210 code [0x000002290885e3e0, 0x000002290885e7a8]
Event: 10464.094 Thread 0x000002297be21000 19687       1       groovy.lang.MetaClassImpl::isInitialized (5 bytes)
Event: 10464.095 Thread 0x000002297be21000 nmethod 19687 0x000002290885eb90 code [0x000002290885ed40, 0x000002290885edf8]
Event: 10464.095 Thread 0x000002297be21000 19688       3       org.gradle.api.internal.coerce.StringToEnumTransformer::canTransform (38 bytes)
Event: 10464.095 Thread 0x000002297be21000 nmethod 19688 0x0000022902ddc310 code [0x0000022902ddc4e0, 0x0000022902ddc7f8]
Event: 10464.097 Thread 0x000002290f01f800 19689       4       java.lang.Class::privateGetDeclaredConstructors (79 bytes)
Event: 10464.100 Thread 0x000002297be21000 19690       3       org.gradle.internal.Describables::quoted (10 bytes)
Event: 10464.101 Thread 0x000002297be21000 nmethod 19690 0x0000022902ddc910 code [0x0000022902ddcae0, 0x0000022902ddce58]
Event: 10464.101 Thread 0x000002297be21000 19691       3       org.gradle.internal.Describables$1::<init> (16 bytes)
Event: 10464.101 Thread 0x000002297be21000 nmethod 19691 0x0000022902ddcf90 code [0x0000022902ddd160, 0x0000022902ddd438]
Event: 10464.103 Thread 0x000002297be21000 19692       3       java.math.MutableBigInteger::toBigInteger (28 bytes)
Event: 10464.103 Thread 0x000002297be21000 nmethod 19692 0x0000022902ddd590 code [0x0000022902ddd760, 0x0000022902ddd9d8]

GC Heap History (20 events):
Event: 8904.248 GC heap before
{Heap before GC invocations=37 (full 0):
 garbage-first heap   total 238592K, used 108525K [0x0000000080000000, 0x0000000100000000)
  region size 1024K, 3 young (3072K), 1 survivors (1024K)
 Metaspace       used 112685K, capacity 116123K, committed 116684K, reserved 1150976K
  class space    used 14690K, capacity 15970K, committed 16124K, reserved 1048576K
}
Event: 8904.254 GC heap after
{Heap after GC invocations=38 (full 0):
 garbage-first heap   total 238592K, used 107356K [0x0000000080000000, 0x0000000100000000)
  region size 1024K, 1 young (1024K), 1 survivors (1024K)
 Metaspace       used 112685K, capacity 116123K, committed 116684K, reserved 1150976K
  class space    used 14690K, capacity 15970K, committed 16124K, reserved 1048576K
}
Event: 9664.090 GC heap before
{Heap before GC invocations=39 (full 0):
 garbage-first heap   total 238592K, used 171868K [0x0000000080000000, 0x0000000100000000)
  region size 1024K, 55 young (56320K), 1 survivors (1024K)
 Metaspace       used 112746K, capacity 116040K, committed 116940K, reserved 1150976K
  class space    used 14642K, capacity 15860K, committed 16124K, reserved 1048576K
}
Event: 9664.099 GC heap after
{Heap after GC invocations=40 (full 0):
 garbage-first heap   total 238592K, used 107126K [0x0000000080000000, 0x0000000100000000)
  region size 1024K, 5 young (5120K), 5 survivors (5120K)
 Metaspace       used 112746K, capacity 116040K, committed 116940K, reserved 1150976K
  class space    used 14642K, capacity 15860K, committed 16124K, reserved 1048576K
}
Event: 9667.551 GC heap before
{Heap before GC invocations=40 (full 0):
 garbage-first heap   total 238592K, used 165494K [0x0000000080000000, 0x0000000100000000)
  region size 1024K, 63 young (64512K), 5 survivors (5120K)
 Metaspace       used 112898K, capacity 116263K, committed 116940K, reserved 1150976K
  class space    used 14645K, capacity 15866K, committed 16124K, reserved 1048576K
}
Event: 9667.562 GC heap after
{Heap after GC invocations=41 (full 0):
 garbage-first heap   total 238592K, used 111143K [0x0000000080000000, 0x0000000100000000)
  region size 1024K, 5 young (5120K), 5 survivors (5120K)
 Metaspace       used 112898K, capacity 116263K, committed 116940K, reserved 1150976K
  class space    used 14645K, capacity 15866K, committed 16124K, reserved 1048576K
}
Event: 9667.961 GC heap before
{Heap before GC invocations=41 (full 0):
 garbage-first heap   total 238592K, used 133671K [0x0000000080000000, 0x0000000100000000)
  region size 1024K, 29 young (29696K), 5 survivors (5120K)
 Metaspace       used 113006K, capacity 116336K, committed 117196K, reserved 1150976K
  class space    used 14646K, capacity 15867K, committed 16124K, reserved 1048576K
}
Event: 9667.971 GC heap after
{Heap after GC invocations=42 (full 0):
 garbage-first heap   total 238592K, used 111740K [0x0000000080000000, 0x0000000100000000)
  region size 1024K, 5 young (5120K), 5 survivors (5120K)
 Metaspace       used 113006K, capacity 116336K, committed 117196K, reserved 1150976K
  class space    used 14646K, capacity 15867K, committed 16124K, reserved 1048576K
}
Event: 10079.465 GC heap before
{Heap before GC invocations=43 (full 0):
 garbage-first heap   total 238592K, used 191612K [0x0000000080000000, 0x0000000100000000)
  region size 1024K, 70 young (71680K), 5 survivors (5120K)
 Metaspace       used 113343K, capacity 116763K, committed 117196K, reserved 1150976K
  class space    used 14674K, capacity 15920K, committed 16124K, reserved 1048576K
}
Event: 10079.482 GC heap after
{Heap after GC invocations=44 (full 0):
 garbage-first heap   total 238592K, used 116618K [0x0000000080000000, 0x0000000100000000)
  region size 1024K, 9 young (9216K), 9 survivors (9216K)
 Metaspace       used 113343K, capacity 116763K, committed 117196K, reserved 1150976K
  class space    used 14674K, capacity 15920K, committed 16124K, reserved 1048576K
}
Event: 10079.508 GC heap before
{Heap before GC invocations=44 (full 0):
 garbage-first heap   total 238592K, used 118666K [0x0000000080000000, 0x0000000100000000)
  region size 1024K, 11 young (11264K), 9 survivors (9216K)
 Metaspace       used 113349K, capacity 116764K, committed 117196K, reserved 1150976K
  class space    used 14674K, capacity 15920K, committed 16124K, reserved 1048576K
}
Event: 10079.537 GC heap after
{Heap after GC invocations=45 (full 0):
 garbage-first heap   total 238592K, used 109841K [0x0000000080000000, 0x0000000100000000)
  region size 1024K, 2 young (2048K), 2 survivors (2048K)
 Metaspace       used 113349K, capacity 116764K, committed 117196K, reserved 1150976K
  class space    used 14674K, capacity 15920K, committed 16124K, reserved 1048576K
}
Event: 10082.441 GC heap before
{Heap before GC invocations=45 (full 0):
 garbage-first heap   total 238592K, used 170257K [0x0000000080000000, 0x0000000100000000)
  region size 1024K, 63 young (64512K), 2 survivors (2048K)
 Metaspace       used 113577K, capacity 117020K, committed 117452K, reserved 1150976K
  class space    used 14680K, capacity 15930K, committed 16124K, reserved 1048576K
}
Event: 10082.451 GC heap after
{Heap after GC invocations=46 (full 0):
 garbage-first heap   total 238592K, used 111313K [0x0000000080000000, 0x0000000100000000)
  region size 1024K, 3 young (3072K), 3 survivors (3072K)
 Metaspace       used 113577K, capacity 117020K, committed 117452K, reserved 1150976K
  class space    used 14680K, capacity 15930K, committed 16124K, reserved 1048576K
}
Event: 10202.292 GC heap before
{Heap before GC invocations=47 (full 0):
 garbage-first heap   total 238592K, used 197329K [0x0000000080000000, 0x0000000100000000)
  region size 1024K, 74 young (75776K), 3 survivors (3072K)
 Metaspace       used 113673K, capacity 117023K, committed 117708K, reserved 1150976K
  class space    used 14656K, capacity 15881K, committed 16124K, reserved 1048576K
}
Event: 10202.305 GC heap after
{Heap after GC invocations=48 (full 0):
 garbage-first heap   total 238592K, used 117490K [0x0000000080000000, 0x0000000100000000)
  region size 1024K, 9 young (9216K), 9 survivors (9216K)
 Metaspace       used 113673K, capacity 117023K, committed 117708K, reserved 1150976K
  class space    used 14656K, capacity 15881K, committed 16124K, reserved 1048576K
}
Event: 10202.331 GC heap before
{Heap before GC invocations=48 (full 0):
 garbage-first heap   total 238592K, used 119538K [0x0000000080000000, 0x0000000100000000)
  region size 1024K, 11 young (11264K), 9 survivors (9216K)
 Metaspace       used 113676K, capacity 117024K, committed 117708K, reserved 1150976K
  class space    used 14656K, capacity 15881K, committed 16124K, reserved 1048576K
}
Event: 10202.355 GC heap after
{Heap after GC invocations=49 (full 0):
 garbage-first heap   total 238592K, used 111412K [0x0000000080000000, 0x0000000100000000)
  region size 1024K, 2 young (2048K), 2 survivors (2048K)
 Metaspace       used 113676K, capacity 117024K, committed 117708K, reserved 1150976K
  class space    used 14656K, capacity 15881K, committed 16124K, reserved 1048576K
}
Event: 10240.615 GC heap before
{Heap before GC invocations=49 (full 0):
 garbage-first heap   total 238592K, used 184116K [0x0000000080000000, 0x0000000100000000)
  region size 1024K, 73 young (74752K), 2 survivors (2048K)
 Metaspace       used 114299K, capacity 117924K, committed 118220K, reserved 1150976K
  class space    used 14757K, capacity 16070K, committed 16124K, reserved 1048576K
}
Event: 10240.631 GC heap after
{Heap after GC invocations=50 (full 0):
 garbage-first heap   total 238592K, used 117566K [0x0000000080000000, 0x0000000100000000)
  region size 1024K, 8 young (8192K), 8 survivors (8192K)
 Metaspace       used 114299K, capacity 117924K, committed 118220K, reserved 1150976K
  class space    used 14757K, capacity 16070K, committed 16124K, reserved 1048576K
}

Deoptimization events (20 events):
Event: 10239.915 Thread 0x0000022913849000 Uncommon trap: trap_request=0xffffffcc fr.pc=0x00000229087cb25c relative=0x000000000000037c
Event: 10239.915 Thread 0x0000022913849000 Uncommon trap: reason=intrinsic_or_type_checked_inlining action=make_not_entrant pc=0x00000229087cb25c method=com.google.common.collect.RegularImmutableList.copyIntoArray([Ljava/lang/Object;I)I @ 11 c2
Event: 10239.915 Thread 0x0000022913849000 DEOPT PACKING pc=0x00000229087cb25c sp=0x000000dcb1ef8300
Event: 10239.915 Thread 0x0000022913849000 DEOPT UNPACKING pc=0x0000022900026ca9 sp=0x000000dcb1ef8230 mode 2
Event: 10243.102 Thread 0x000002290f351000 Uncommon trap: trap_request=0xffffffbe fr.pc=0x0000022907b234ec relative=0x000000000000092c
Event: 10243.102 Thread 0x000002290f351000 Uncommon trap: reason=profile_predicate action=maybe_recompile pc=0x0000022907b234ec method=java.math.MutableBigInteger.add(Ljava/math/MutableBigInteger;)V @ 68 c2
Event: 10243.102 Thread 0x000002290f351000 DEOPT PACKING pc=0x0000022907b234ec sp=0x000000dcb4bfcf90
Event: 10243.102 Thread 0x000002290f351000 DEOPT UNPACKING pc=0x0000022900026ca9 sp=0x000000dcb4bfcf20 mode 2
Event: 10243.102 Thread 0x000002290f351000 Uncommon trap: trap_request=0xffffffbe fr.pc=0x0000022907b234ec relative=0x000000000000092c
Event: 10243.102 Thread 0x000002290f351000 Uncommon trap: reason=profile_predicate action=maybe_recompile pc=0x0000022907b234ec method=java.math.MutableBigInteger.add(Ljava/math/MutableBigInteger;)V @ 68 c2
Event: 10243.102 Thread 0x000002290f351000 DEOPT PACKING pc=0x0000022907b234ec sp=0x000000dcb4bfcf40
Event: 10243.102 Thread 0x000002290f351000 DEOPT UNPACKING pc=0x0000022900026ca9 sp=0x000000dcb4bfcec0 mode 2
Event: 10243.102 Thread 0x000002290f351000 Uncommon trap: trap_request=0xffffffbe fr.pc=0x0000022907b234ec relative=0x000000000000092c
Event: 10243.102 Thread 0x000002290f351000 Uncommon trap: reason=profile_predicate action=maybe_recompile pc=0x0000022907b234ec method=java.math.MutableBigInteger.add(Ljava/math/MutableBigInteger;)V @ 68 c2
Event: 10243.102 Thread 0x000002290f351000 DEOPT PACKING pc=0x0000022907b234ec sp=0x000000dcb4bfcf40
Event: 10243.102 Thread 0x000002290f351000 DEOPT UNPACKING pc=0x0000022900026ca9 sp=0x000000dcb4bfcec0 mode 2
Event: 10243.102 Thread 0x000002290f351000 Uncommon trap: trap_request=0xffffffbe fr.pc=0x0000022907b234ec relative=0x000000000000092c
Event: 10243.102 Thread 0x000002290f351000 Uncommon trap: reason=profile_predicate action=maybe_recompile pc=0x0000022907b234ec method=java.math.MutableBigInteger.add(Ljava/math/MutableBigInteger;)V @ 68 c2
Event: 10243.102 Thread 0x000002290f351000 DEOPT PACKING pc=0x0000022907b234ec sp=0x000000dcb4bfcf40
Event: 10243.102 Thread 0x000002290f351000 DEOPT UNPACKING pc=0x0000022900026ca9 sp=0x000000dcb4bfcec0 mode 2

Classes redefined (0 events):
No events

Internal exceptions (20 events):
Event: 10082.285 Thread 0x000002291384b800 Exception <a 'sun/nio/fs/WindowsException'{0x000000008bb9ebd8}> (0x000000008bb9ebd8) thrown at [./src/hotspot/share/prims/jni.cpp, line 615]
Event: 10082.296 Thread 0x000002291384b800 Exception <a 'sun/nio/fs/WindowsException'{0x000000008ba63e48}> (0x000000008ba63e48) thrown at [./src/hotspot/share/prims/jni.cpp, line 615]
Event: 10201.650 Thread 0x0000022913849000 Exception <a 'sun/nio/fs/WindowsException'{0x000000008cfc6090}> (0x000000008cfc6090) thrown at [./src/hotspot/share/prims/jni.cpp, line 615]
Event: 10201.837 Thread 0x0000022913849000 Exception <a 'sun/nio/fs/WindowsException'{0x000000008c27c4d8}> (0x000000008c27c4d8) thrown at [./src/hotspot/share/prims/jni.cpp, line 615]
Event: 10201.842 Thread 0x0000022913849000 Exception <a 'sun/nio/fs/WindowsException'{0x000000008c118990}> (0x000000008c118990) thrown at [./src/hotspot/share/prims/jni.cpp, line 615]
Event: 10201.843 Thread 0x0000022913849000 Exception <a 'sun/nio/fs/WindowsException'{0x000000008c119a60}> (0x000000008c119a60) thrown at [./src/hotspot/share/prims/jni.cpp, line 615]
Event: 10201.843 Thread 0x0000022913849000 Exception <a 'sun/nio/fs/WindowsException'{0x000000008c11ab80}> (0x000000008c11ab80) thrown at [./src/hotspot/share/prims/jni.cpp, line 615]
Event: 10201.845 Thread 0x0000022913849000 Exception <a 'sun/nio/fs/WindowsException'{0x000000008c11bca0}> (0x000000008c11bca0) thrown at [./src/hotspot/share/prims/jni.cpp, line 615]
Event: 10239.938 Thread 0x0000022913849000 Exception <a 'sun/nio/fs/WindowsException'{0x000000008c595618}> (0x000000008c595618) thrown at [./src/hotspot/share/prims/jni.cpp, line 615]
Event: 10240.112 Thread 0x0000022913849000 Exception <a 'sun/nio/fs/WindowsException'{0x000000008ba4d3f8}> (0x000000008ba4d3f8) thrown at [./src/hotspot/share/prims/jni.cpp, line 615]
Event: 10240.118 Thread 0x0000022913849000 Exception <a 'sun/nio/fs/WindowsException'{0x000000008bae9390}> (0x000000008bae9390) thrown at [./src/hotspot/share/prims/jni.cpp, line 615]
Event: 10240.119 Thread 0x0000022913849000 Exception <a 'sun/nio/fs/WindowsException'{0x000000008baea460}> (0x000000008baea460) thrown at [./src/hotspot/share/prims/jni.cpp, line 615]
Event: 10240.120 Thread 0x0000022913849000 Exception <a 'sun/nio/fs/WindowsException'{0x000000008baeb580}> (0x000000008baeb580) thrown at [./src/hotspot/share/prims/jni.cpp, line 615]
Event: 10240.121 Thread 0x0000022913849000 Exception <a 'sun/nio/fs/WindowsException'{0x000000008baec6a0}> (0x000000008baec6a0) thrown at [./src/hotspot/share/prims/jni.cpp, line 615]
Event: 10240.929 Thread 0x000002291384b800 Exception <a 'java/lang/InterruptedException'{0x000000008db01cb8}> (0x000000008db01cb8) thrown at [./src/hotspot/share/runtime/objectMonitor.cpp, line 1635]
Event: 10241.495 Thread 0x0000022913853800 Exception <a 'java/lang/InterruptedException'{0x000000008cf84830}> (0x000000008cf84830) thrown at [./src/hotspot/share/runtime/objectMonitor.cpp, line 1635]
Event: 10242.852 Thread 0x0000022913857000 Exception <a 'sun/nio/fs/WindowsException'{0x000000008c45ca08}> (0x000000008c45ca08) thrown at [./src/hotspot/share/prims/jni.cpp, line 615]
Event: 10242.895 Thread 0x0000022913857000 Exception <a 'sun/nio/fs/WindowsException'{0x000000008c19c6e8}> (0x000000008c19c6e8) thrown at [./src/hotspot/share/prims/jni.cpp, line 615]
Event: 10242.941 Thread 0x000002290f354000 Exception <a 'sun/nio/fs/WindowsException'{0x000000008bffd410}> (0x000000008bffd410) thrown at [./src/hotspot/share/prims/jni.cpp, line 615]
Event: 10242.948 Thread 0x000002290f354000 Exception <a 'sun/nio/fs/WindowsException'{0x000000008bec2250}> (0x000000008bec2250) thrown at [./src/hotspot/share/prims/jni.cpp, line 615]

Events (20 events):
Event: 10363.127 Executing VM operation: RevokeBias
Event: 10363.127 Executing VM operation: RevokeBias done
Event: 10363.127 Thread 0x000002290f352800 Thread exited: 0x000002290f352800
Event: 10464.030 Thread 0x000002290f351000 Thread added: 0x000002290f351000
Event: 10464.031 Thread 0x000002290f351800 Thread added: 0x000002290f351800
Event: 10464.063 Thread 0x000002290f352800 Thread added: 0x000002290f352800
Event: 10464.066 Thread 0x000002290f354000 Thread added: 0x000002290f354000
Event: 10464.067 Executing VM operation: RevokeBias
Event: 10464.067 Executing VM operation: RevokeBias done
Event: 10464.069 Thread 0x000002290f34e800 Thread added: 0x000002290f34e800
Event: 10464.069 Thread 0x000002290f355000 Thread added: 0x000002290f355000
Event: 10464.069 Thread 0x000002290f355800 Thread added: 0x000002290f355800
Event: 10464.074 Thread 0x000002297c909000 Thread added: 0x000002297c909000
Event: 10464.076 Executing VM operation: RevokeBias
Event: 10464.076 Executing VM operation: RevokeBias done
Event: 10464.084 Thread 0x000002297c90b800 Thread added: 0x000002297c90b800
Event: 10464.085 Thread 0x000002290f01f800 Thread added: 0x000002290f01f800
Event: 10464.086 Thread 0x000002297c907800 Thread added: 0x000002297c907800
Event: 10464.090 Thread 0x000002297c90c000 Thread added: 0x000002297c90c000
Event: 10464.096 Thread 0x000002297c906800 Thread added: 0x000002297c906800


Dynamic libraries:
0x00007ff79ffd0000 - 0x00007ff79ffda000 	C:\Program Files\Android\Android Studio1\jre\bin\java.exe
0x00007ffdc7970000 - 0x00007ffdc7b65000 	C:\Windows\SYSTEM32\ntdll.dll
0x00007ffdc5b80000 - 0x00007ffdc5c3e000 	C:\Windows\System32\KERNEL32.DLL
0x00007ffdc5090000 - 0x00007ffdc5358000 	C:\Windows\System32\KERNELBASE.dll
0x00007ffdc58c0000 - 0x00007ffdc59c0000 	C:\Windows\System32\ucrtbase.dll
0x00007ffdc1ce0000 - 0x00007ffdc1cf9000 	C:\Program Files\Android\Android Studio1\jre\bin\jli.dll
0x00007ffdc1d00000 - 0x00007ffdc1d17000 	C:\Program Files\Android\Android Studio1\jre\bin\VCRUNTIME140.dll
0x00007ffdc76f0000 - 0x00007ffdc7891000 	C:\Windows\System32\USER32.dll
0x00007ffdc5360000 - 0x00007ffdc5382000 	C:\Windows\System32\win32u.dll
0x00007ffdc4520000 - 0x00007ffdc47ba000 	C:\Windows\WinSxS\amd64_microsoft.windows.common-controls_6595b64144ccf1df_6.0.19041.1110_none_60b5254171f9507e\COMCTL32.dll
0x00007ffdc6e80000 - 0x00007ffdc6eab000 	C:\Windows\System32\GDI32.dll
0x00007ffdc6170000 - 0x00007ffdc620e000 	C:\Windows\System32\msvcrt.dll
0x00007ffdc5750000 - 0x00007ffdc585b000 	C:\Windows\System32\gdi32full.dll
0x00007ffdc5390000 - 0x00007ffdc542d000 	C:\Windows\System32\msvcp_win.dll
0x00007ffdc7900000 - 0x00007ffdc7930000 	C:\Windows\System32\IMM32.DLL
0x00007ffdc0070000 - 0x00007ffdc010d000 	C:\Program Files\Android\Android Studio1\jre\bin\msvcp140.dll
0x00007ffd82980000 - 0x00007ffd8344f000 	C:\Program Files\Android\Android Studio1\jre\bin\server\jvm.dll
0x00007ffdc5c40000 - 0x00007ffdc5cec000 	C:\Windows\System32\ADVAPI32.dll
0x00007ffdc6950000 - 0x00007ffdc69eb000 	C:\Windows\System32\sechost.dll
0x00007ffdc6d50000 - 0x00007ffdc6e7a000 	C:\Windows\System32\RPCRT4.dll
0x00007ffdc7060000 - 0x00007ffdc7068000 	C:\Windows\System32\PSAPI.DLL
0x00007ffd9d860000 - 0x00007ffd9d869000 	C:\Windows\SYSTEM32\WSOCK32.dll
0x00007ffd954c0000 - 0x00007ffd954e7000 	C:\Windows\SYSTEM32\WINMM.dll
0x00007ffdc7260000 - 0x00007ffdc72cb000 	C:\Windows\System32\WS2_32.dll
0x00007ffdbed70000 - 0x00007ffdbed7a000 	C:\Windows\SYSTEM32\VERSION.dll
0x00007ffdc2960000 - 0x00007ffdc2972000 	C:\Windows\SYSTEM32\kernel.appcore.dll
0x00007ffd93150000 - 0x00007ffd93161000 	C:\Program Files\Android\Android Studio1\jre\bin\verify.dll
0x00007ffdc49b0000 - 0x00007ffdc4b94000 	C:\Windows\SYSTEM32\DBGHELP.DLL
0x00007ffdc4980000 - 0x00007ffdc49ac000 	C:\Windows\SYSTEM32\dbgcore.DLL
0x00007ffdc5530000 - 0x00007ffdc55b3000 	C:\Windows\System32\bcryptPrimitives.dll
0x00007ffd82950000 - 0x00007ffd82979000 	C:\Program Files\Android\Android Studio1\jre\bin\java.dll
0x00007ffd95380000 - 0x00007ffd9538b000 	C:\Program Files\Android\Android Studio1\jre\bin\jimage.dll
0x00007ffd82930000 - 0x00007ffd82948000 	C:\Program Files\Android\Android Studio1\jre\bin\zip.dll
0x00007ffdc6210000 - 0x00007ffdc694f000 	C:\Windows\System32\SHELL32.dll
0x00007ffdc2b60000 - 0x00007ffdc32f0000 	C:\Windows\SYSTEM32\windows.storage.dll
0x00007ffdc7390000 - 0x00007ffdc76e5000 	C:\Windows\System32\combase.dll
0x00007ffdc4260000 - 0x00007ffdc428e000 	C:\Windows\SYSTEM32\Wldp.dll
0x00007ffdc71b0000 - 0x00007ffdc725d000 	C:\Windows\System32\SHCORE.dll
0x00007ffdc72d0000 - 0x00007ffdc7325000 	C:\Windows\System32\shlwapi.dll
0x00007ffdc4fd0000 - 0x00007ffdc4fef000 	C:\Windows\SYSTEM32\profapi.dll
0x00007ffd82910000 - 0x00007ffd8292a000 	C:\Program Files\Android\Android Studio1\jre\bin\net.dll
0x00007ffdaeb10000 - 0x00007ffdaec1c000 	C:\Windows\SYSTEM32\WINHTTP.dll
0x00007ffdc40d0000 - 0x00007ffdc413a000 	C:\Windows\system32\mswsock.dll
0x00007ffd828f0000 - 0x00007ffd82904000 	C:\Program Files\Android\Android Studio1\jre\bin\nio.dll
0x00007ffdc1fd0000 - 0x00007ffdc1ff7000 	C:\Users\User\.gradle\wrapper\dists\gradle-6.7-1\native\8bec1ad78214c89d9ad589b4d07fe93259594b29d510b10fafb7a158f7737e5d\windows-amd64\native-platform.dll
0x00007ffd991c0000 - 0x00007ffd992fd000 	C:\Users\User\.gradle\wrapper\dists\gradle-6.7-1\native\53dbd7edfb1c66fb8903c78663c9afc45aea4f116125fa6feffd364cf09443e8\windows-amd64\native-platform-file-events.dll
0x00007ffd93140000 - 0x00007ffd9314a000 	C:\Program Files\Android\Android Studio1\jre\bin\management.dll
0x00007ffd8e570000 - 0x00007ffd8e57c000 	C:\Program Files\Android\Android Studio1\jre\bin\management_ext.dll
0x00007ffdc4d40000 - 0x00007ffdc4d58000 	C:\Windows\SYSTEM32\CRYPTSP.dll
0x00007ffdc3a90000 - 0x00007ffdc3ac4000 	C:\Windows\system32\rsaenh.dll
0x00007ffdc55c0000 - 0x00007ffdc55e7000 	C:\Windows\System32\bcrypt.dll
0x00007ffdc4f50000 - 0x00007ffdc4f7e000 	C:\Windows\SYSTEM32\USERENV.dll
0x00007ffdc4310000 - 0x00007ffdc431c000 	C:\Windows\SYSTEM32\CRYPTBASE.dll
0x00007ffdc3de0000 - 0x00007ffdc3e1b000 	C:\Windows\SYSTEM32\IPHLPAPI.DLL
0x00007ffdc7050000 - 0x00007ffdc7058000 	C:\Windows\System32\NSI.dll
0x00007ffdbdad0000 - 0x00007ffdbdae7000 	C:\Windows\SYSTEM32\dhcpcsvc6.DLL
0x00007ffdbdd20000 - 0x00007ffdbdd3d000 	C:\Windows\SYSTEM32\dhcpcsvc.DLL
0x00007ffdc3e20000 - 0x00007ffdc3eeb000 	C:\Windows\SYSTEM32\DNSAPI.dll
0x00007ffdc0050000 - 0x00007ffdc006e000 	C:\Users\User\AppData\Local\Temp\native-platform13183687896741687731dir\native-platform.dll
0x00007ffdc2030000 - 0x00007ffdc2038000 	C:\Program Files\Android\Android Studio1\jre\bin\rmi.dll
0x00007ffdbf850000 - 0x00007ffdbf877000 	C:\Program Files\Android\Android Studio1\jre\bin\sunec.dll

dbghelp: loaded successfully - version: 4.0.5 - missing functions: none
symbol engine: initialized successfully - sym options: 0x614 - pdb path: .;C:\Program Files\Android\Android Studio1\jre\bin;C:\Windows\SYSTEM32;C:\Windows\WinSxS\amd64_microsoft.windows.common-controls_6595b64144ccf1df_6.0.19041.1110_none_60b5254171f9507e;C:\Program Files\Android\Android Studio1\jre\bin\server;C:\Users\User\.gradle\wrapper\dists\gradle-6.7-1\native\8bec1ad78214c89d9ad589b4d07fe93259594b29d510b10fafb7a158f7737e5d\windows-amd64;C:\Users\User\.gradle\wrapper\dists\gradle-6.7-1\native\53dbd7edfb1c66fb8903c78663c9afc45aea4f116125fa6feffd364cf09443e8\windows-amd64;C:\Users\User\AppData\Local\Temp\native-platform13183687896741687731dir

VM Arguments:
jvm_args: --add-opens=java.base/java.util=ALL-UNNAMED --add-opens=java.base/java.lang=ALL-UNNAMED --add-opens=java.base/java.lang.invoke=ALL-UNNAMED --add-opens=java.base/java.util=ALL-UNNAMED --add-opens=java.prefs/java.util.prefs=ALL-UNNAMED --add-opens=java.prefs/java.util.prefs=ALL-UNNAMED --add-opens=java.base/java.nio.charset=ALL-UNNAMED --add-opens=java.base/java.net=ALL-UNNAMED --add-opens=java.base/java.util.concurrent.atomic=ALL-UNNAMED -Xmx2048m -Dfile.encoding=UTF-8 -Duser.country=RU -Duser.language=ru -Duser.variant 
java_command: org.gradle.launcher.daemon.bootstrap.GradleDaemon 7.0.2
java_class_path (initial): C:\Users\User\.gradle\wrapper\dists\gradle-6.7-1\wrapper\dists\gradle-7.0.2-bin\857tjihv64xamwrf0h14cai3r\gradle-7.0.2\lib\gradle-launcher-7.0.2.jar
Launcher Type: SUN_STANDARD

[Global flags]
     intx CICompilerCount                          = 3                                         {product} {ergonomic}
     uint ConcGCThreads                            = 1                                         {product} {ergonomic}
     uint G1ConcRefinementThreads                  = 4                                         {product} {ergonomic}
   size_t G1HeapRegionSize                         = 1048576                                   {product} {ergonomic}
    uintx GCDrainStackTargetSize                   = 64                                        {product} {ergonomic}
   size_t InitialHeapSize                          = 96468992                                  {product} {ergonomic}
   size_t MarkStackSize                            = 4194304                                   {product} {ergonomic}
   size_t MaxHeapSize                              = 2147483648                                {product} {command line}
   size_t MaxNewSize                               = 1287651328                                {product} {ergonomic}
   size_t MinHeapDeltaBytes                        = 1048576                                   {product} {ergonomic}
    uintx NonNMethodCodeHeapSize                   = 5830732                                {pd product} {ergonomic}
    uintx NonProfiledCodeHeapSize                  = 122913754                              {pd product} {ergonomic}
    uintx ProfiledCodeHeapSize                     = 122913754                              {pd product} {ergonomic}
    uintx ReservedCodeCacheSize                    = 251658240                              {pd product} {ergonomic}
     bool SegmentedCodeCache                       = true                                      {product} {ergonomic}
     bool UseCompressedClassPointers               = true                                 {lp64_product} {ergonomic}
     bool UseCompressedOops                        = true                                 {lp64_product} {ergonomic}
     bool UseG1GC                                  = true                                      {product} {ergonomic}
     bool UseLargePagesIndividualAllocation        = false                                  {pd product} {ergonomic}

Logging:
Log output configuration:
 #0: stdout all=warning uptime,level,tags
 #1: stderr all=off uptime,level,tags

Environment Variables:
PATH=C:\Program Files (x86)\Intel\Intel(R) Management Engine Components\iCLS\;C:\Program Files\Intel\Intel(R) Management Engine Components\iCLS\;C:\Windows\system32;C:\Windows;C:\Windows\System32\Wbem;C:\Windows\System32\WindowsPowerShell\v1.0\;C:\Windows\System32\OpenSSH\;C:\Program Files (x86)\Intel\Intel(R) Management Engine Components\DAL;C:\Program Files\Intel\Intel(R) Management Engine Components\DAL;C:\Program Files (x86)\Intel\Intel(R) Management Engine Components\IPT;C:\Program Files\Intel\Intel(R) Management Engine Components\IPT;C:\Program Files\Git\cmd;C:\Users\User\AppData\Local\Microsoft\WindowsApps;
USERNAME=User
OS=Windows_NT
PROCESSOR_IDENTIFIER=Intel64 Family 6 Model 158 Stepping 10, GenuineIntel



---------------  S Y S T E M  ---------------

OS: Windows 10 , 64 bit Build 19041 (10.0.19041.1348)
OS uptime: 0 days 3:07 hours

CPU:total 4 (initial active 4) (2 cores per cpu, 2 threads per core) family 6 model 158 stepping 10 microcode 0xb4, cmov, cx8, fxsr, mmx, sse, sse2, sse3, ssse3, sse4.1, sse4.2, popcnt, aes, clmul, erms, 3dnowpref, lzcnt, ht, tsc, tscinvbit

Memory: 4k page, system-wide physical 5853M (1099M free)
TotalPageFile size 8029M (AvailPageFile size 2362M)
current process WorkingSet (physical memory assigned to process): 483M, peak: 501M
current process commit charge ("private bytes"): 577M, peak: 598M

vm_info: OpenJDK 64-Bit Server VM (11.0.10+0-b96-7249189) for windows-amd64 JRE (11.0.10+0-b96-7249189), built on Mar 31 2021 21:44:00 by "builder" with MS VC++ 14.0 (VS2015)

END.
